[02:14:00] [Server thread/INFO]: Starting minecraft server version 1.7.10
[02:14:10] [Server thread/INFO]: Loading properties
[02:14:10] [Server thread/INFO]: Default game type: SURVIVAL
[02:14:10] [Server thread/INFO]: Generating keypair
[02:14:10] [Server thread/INFO]: Starting Minecraft server on *:25565
[02:14:10] [Server thread/WARN]: **** SERVER IS RUNNING IN OFFLINE/INSECURE MODE!
[02:14:10] [Server thread/WARN]: The server will make no attempt to authenticate usernames. Beware.
[02:14:10] [Server thread/WARN]: While this makes the game possible to play without internet access, it also opens up the ability for hackers to connect with any username they choose.
[02:14:10] [Server thread/WARN]: To change this, set "online-mode" to "true" in the server.properties file.
[02:14:13] [Server thread/INFO]: Preparing level "world"
[02:14:19] [Server thread/INFO]: Preparing start region for level 0
[02:14:19] [Server thread/INFO]: Done (6.504s)! For help, type "help" or "?"
[02:15:00] [Server thread/INFO]: Jeffrey_epstein[/127.225.175.22:57303] logged in with entity id 12365 at (210.76536462440055, 69.0, 399.6781729900555)
[02:15:00] [Server thread/INFO]: Jeffrey_epstein joined the game
[02:15:30] [Server thread/INFO]: Jeffrey_epstein lost connection: TranslatableComponent{key='disconnect.timeout', args=[], siblings=[], style=Style{hasParent=false, color=null, bold=null, italic=null, underlined=null, obfuscated=null, clickEvent=null, hoverEvent=null}}
[02:15:30] [Server thread/INFO]: Jeffrey_epstein left the game
[02:15:38] [Server thread/INFO]: Jeffrey_epstein[/127.225.175.22:41265] logged in with entity id 12955 at (210.76536462440055, 69.0, 399.6781729900555)
[02:15:38] [Server thread/INFO]: Jeffrey_epstein joined the game
[02:16:08] [Server thread/INFO]: Jeffrey_epstein lost connection: TranslatableComponent{key='disconnect.timeout', args=[], siblings=[], style=Style{hasParent=false, color=null, bold=null, italic=null, underlined=null, obfuscated=null, clickEvent=null, hoverEvent=null}}
[02:16:08] [Server thread/INFO]: Jeffrey_epstein left the game
[02:16:10] [Server thread/INFO]: Theplaiboy[/127.180.129.90:45019] logged in with entity id 13673 at (220.49235726913184, 76.0, 640.0694531115877)
[02:16:10] [Server thread/INFO]: Theplaiboy joined the game
[02:17:43] [Server thread/INFO]: Theplaiboy has just earned the achievement [Monster Hunter]
[02:18:10] [Server thread/INFO]: Jeffrey_epstein[/127.225.175.22:35065] logged in with entity id 15656 at (210.76536462440055, 69.0, 399.6781729900555)
[02:18:10] [Server thread/INFO]: Jeffrey_epstein joined the game
[02:19:09] [Server thread/INFO]: Theplaiboy was slain by HorseMob
[02:19:23] [Server thread/INFO]: Jeffrey_epstein was slain by Zombie
[02:19:52] [Server thread/INFO]: Theplaiboy has just earned the achievement [Cow Tipper]
[02:20:51] [Server thread/INFO]: JuanSBN[/127.180.129.90:42583] logged in with entity id 19665 at (235.0481768245292, 31.0, 487.4855687241525)
[02:20:51] [Server thread/INFO]: JuanSBN joined the game
[02:21:53] [Server thread/INFO]: Jeffrey_epstein was slain by Zombie
[02:26:07] [Server Shutdown Thread/INFO]: Stopping server
